<?xml version="1.0" encoding="UTF-8"?>
<!-- Generated by org.testng.reporters.JUnitReportReporter -->
<testsuite hostname="pc" failures="0" tests="1" name="gid.artid.AppTest" time="0.009" errors="0" timestamp="18 Apr 2020 21:27:02 GMT">
  <testcase classname="gid.artid.AppTest" name="testApp" time="0.009"/>
</testsuite> <!-- gid.artid.AppTest -->
