<?xml version="1.0" encoding="UTF-8"?>
<!-- Generated by org.testng.reporters.JUnitReportReporter -->
<testsuite hostname="pc" failures="0" tests="3" name="gid.artid.NewTest" time="0.065" errors="0" timestamp="17 Apr 2020 11:03:54 GMT" skipped="0">
  <testcase classname="gid.artid.NewTest" name="f" time="0.051"/>
  <testcase classname="gid.artid.NewTest" name="f" time="0.005"/>
  <testcase classname="gid.artid.NewTest" name="fa" time="0.009"/>
</testsuite> <!-- gid.artid.NewTest -->
